This file contains any messages produced by compilers while
running configure, to aid debugging if configure makes a mistake.

It was created by ast configure 8.6.2, which was
generated by Starlink Autoconf 2.69.  Invocation command line was

  $ ./configure 

## --------- ##
## Platform. ##
## --------- ##

hostname = tucana2.tuc.noao.edu
uname -m = x86_64
uname -r = 2.6.32-504.1.3.el6.x86_64
uname -s = Linux
uname -v = #1 SMP Tue Nov 11 14:19:04 CST 2014

/usr/bin/uname -p = unknown
/bin/uname -X     = unknown

/bin/arch              = x86_64
/usr/bin/arch -k       = unknown
/usr/convex/getsysinfo = unknown
/usr/bin/hostinfo      = unknown
/bin/machine           = unknown
/usr/bin/oslevel       = unknown
/bin/universe          = unknown

PATH: /home/fitz/.iraf/bin
PATH: .
PATH: /home/fitz/bin
PATH: /usr/local/bin
PATH: /sbin
PATH: /usr/java/latest/bin
PATH: /usr/sbin
PATH: /usr/bin/X11
PATH: /etc/
PATH: usr/etc
PATH: /usr/lib
PATH: /home/fitz/.iraf/bin
PATH: .
PATH: /home/fitz/bin
PATH: /usr/local/bin
PATH: /sbin
PATH: /usr/java/latest/bin
PATH: /usr/sbin
PATH: /usr/bin/X11
PATH: /etc/
PATH: usr/etc
PATH: /usr/lib
PATH: /usr/lib64/qt-3.3/bin
PATH: /usr/local/bin
PATH: /bin
PATH: /usr/bin
PATH: /home/fitz/dhs
PATH: /home/fitz/dhs/bin


## ----------- ##
## Core tests. ##
## ----------- ##

configure:2695: checking for a BSD-compatible install
configure:2763: result: /usr/bin/install -c
configure:2774: checking whether build environment is sane
configure:2829: result: yes
configure:2980: checking for a thread-safe mkdir -p
configure:3019: result: /bin/mkdir -p
configure:3026: checking for gawk
configure:3042: found /bin/gawk
configure:3053: result: gawk
configure:3064: checking whether make sets $(MAKE)
configure:3086: result: yes
configure:3115: checking whether make supports nested variables
configure:3132: result: yes
configure:3329: Starlink tree located at /stardev/git/starlink/star
configure:3484: checking for git
configure:3502: found /usr/bin/git
configure:3514: result: /usr/bin/git
configure:3547: checking for pax
configure:3565: found /usr/bin/pax
configure:3577: result: /usr/bin/pax
configure:3589: checking for gnutar
configure:3622: result: no
configure:3589: checking for tar
configure:3607: found /bin/tar
configure:3619: result: /bin/tar
configure:3752: checking for gcc
configure:3779: result: gcc
configure:4008: checking for C compiler version
configure:4017: gcc --version >&5
gcc (GCC) 4.4.7 20120313 (Red Hat 4.4.7-18)
Copyright (C) 2010 Free Software Foundation, Inc.
This is free software; see the source for copying conditions.  There is NO
warranty; not even for MERCHANTABILITY or FITNESS FOR A PARTICULAR PURPOSE.

configure:4028: $? = 0
configure:4017: gcc -v >&5
Using built-in specs.
Target: x86_64-redhat-linux
Configured with: ../configure --prefix=/usr --mandir=/usr/share/man --infodir=/usr/share/info --with-bugurl=http://bugzilla.redhat.com/bugzilla --enable-bootstrap --enable-shared --enable-threads=posix --enable-checking=release --with-system-zlib --enable-__cxa_atexit --disable-libunwind-exceptions --enable-gnu-unique-object --enable-languages=c,c++,objc,obj-c++,java,fortran,ada --enable-java-awt=gtk --disable-dssi --with-java-home=/usr/lib/jvm/java-1.5.0-gcj-1.5.0.0/jre --enable-libgcj-multifile --enable-java-maintainer-mode --with-ecj-jar=/usr/share/java/eclipse-ecj.jar --disable-libjava-multilib --with-ppl --with-cloog --with-tune=generic --with-arch_32=i686 --build=x86_64-redhat-linux
Thread model: posix
gcc version 4.4.7 20120313 (Red Hat 4.4.7-18) (GCC) 
configure:4028: $? = 0
configure:4017: gcc -V >&5
gcc: '-V' option must have argument
configure:4028: $? = 1
configure:4017: gcc -qversion >&5
gcc: unrecognized option '-qversion'
gcc: no input files
configure:4028: $? = 1
configure:4048: checking whether the C compiler works
configure:4070: gcc    conftest.c  >&5
configure:4074: $? = 0
configure:4122: result: yes
configure:4125: checking for C compiler default output file name
configure:4127: result: a.out
configure:4133: checking for suffix of executables
configure:4140: gcc -o conftest    conftest.c  >&5
configure:4144: $? = 0
configure:4166: result: 
configure:4188: checking whether we are cross compiling
configure:4196: gcc -o conftest    conftest.c  >&5
configure:4200: $? = 0
configure:4207: ./conftest
configure:4211: $? = 0
configure:4226: result: no
configure:4231: checking for suffix of object files
configure:4253: gcc -c   conftest.c >&5
configure:4257: $? = 0
configure:4278: result: o
configure:4282: checking whether we are using the GNU C compiler
configure:4301: gcc -c   conftest.c >&5
configure:4301: $? = 0
configure:4310: result: yes
configure:4319: checking whether gcc accepts -g
configure:4339: gcc -c -g  conftest.c >&5
configure:4339: $? = 0
configure:4380: result: yes
configure:4397: checking for gcc option to accept ISO C89
configure:4460: gcc  -c -g -O2  conftest.c >&5
configure:4460: $? = 0
configure:4473: result: none needed
configure:4498: checking whether gcc understands -c and -o together
configure:4520: gcc -c conftest.c -o conftest2.o
configure:4523: $? = 0
configure:4520: gcc -c conftest.c -o conftest2.o
configure:4523: $? = 0
configure:4535: result: yes
configure:4563: checking for style of include used by make
configure:4591: result: GNU
configure:4617: checking dependency style of gcc
configure:4728: result: gcc3
configure:4748: checking how to run the C preprocessor
configure:4779: gcc -E  conftest.c
configure:4779: $? = 0
configure:4793: gcc -E  conftest.c
conftest.c:11:28: error: ac_nonexistent.h: No such file or directory
configure:4793: $? = 1
configure: failed program was:
| /* confdefs.h */
| #define PACKAGE_NAME "ast"
| #define PACKAGE_TARNAME "ast"
| #define PACKAGE_VERSION "8.6.2"
| #define PACKAGE_STRING "ast 8.6.2"
| #define PACKAGE_BUGREPORT "starlink@jiscmail.ac.uk"
| #define PACKAGE_URL ""
| #define PACKAGE "ast"
| #define VERSION "8.6.2"
| /* end confdefs.h.  */
| #include <ac_nonexistent.h>
configure:4818: result: gcc -E
configure:4838: gcc -E  conftest.c
configure:4838: $? = 0
configure:4852: gcc -E  conftest.c
conftest.c:11:28: error: ac_nonexistent.h: No such file or directory
configure:4852: $? = 1
configure: failed program was:
| /* confdefs.h */
| #define PACKAGE_NAME "ast"
| #define PACKAGE_TARNAME "ast"
| #define PACKAGE_VERSION "8.6.2"
| #define PACKAGE_STRING "ast 8.6.2"
| #define PACKAGE_BUGREPORT "starlink@jiscmail.ac.uk"
| #define PACKAGE_URL ""
| #define PACKAGE "ast"
| #define VERSION "8.6.2"
| /* end confdefs.h.  */
| #include <ac_nonexistent.h>
configure:4909: checking build system type
configure:4923: result: x86_64-pc-linux-gnu
configure:4943: checking host system type
configure:4956: result: x86_64-pc-linux-gnu
configure:4997: checking how to print strings
configure:5024: result: printf
configure:5045: checking for a sed that does not truncate output
configure:5109: result: /bin/sed
configure:5127: checking for grep that handles long lines and -e
configure:5185: result: /bin/grep
configure:5190: checking for egrep
configure:5252: result: /bin/grep -E
configure:5257: checking for fgrep
configure:5319: result: /bin/grep -F
configure:5354: checking for ld used by gcc
configure:5421: result: /usr/bin/ld
configure:5428: checking if the linker (/usr/bin/ld) is GNU ld
configure:5443: result: yes
configure:5455: checking for BSD- or MS-compatible name lister (nm)
configure:5504: result: /usr/bin/nm -B
configure:5634: checking the name lister (/usr/bin/nm -B) interface
configure:5641: gcc -c -g -O2  conftest.c >&5
configure:5644: /usr/bin/nm -B "conftest.o"
configure:5647: output
0000000000000000 B some_variable
configure:5654: result: BSD nm
configure:5657: checking whether ln -s works
configure:5661: result: yes
configure:5669: checking the maximum length of command line arguments
configure:5799: result: 1966080
configure:5816: checking whether the shell understands some XSI constructs
configure:5826: result: yes
configure:5830: checking whether the shell understands "+="
configure:5836: result: yes
configure:5871: checking how to convert x86_64-pc-linux-gnu file names to x86_64-pc-linux-gnu format
configure:5911: result: func_convert_file_noop
configure:5918: checking how to convert x86_64-pc-linux-gnu file names to toolchain format
configure:5938: result: func_convert_file_noop
configure:5945: checking for /usr/bin/ld option to reload object files
configure:5952: result: -r
configure:6026: checking for objdump
configure:6042: found /usr/bin/objdump
configure:6053: result: objdump
configure:6085: checking how to recognize dependent libraries
configure:6287: result: pass_all
configure:6372: checking for dlltool
configure:6402: result: no
configure:6432: checking how to associate runtime and link libraries
configure:6459: result: printf %s\n
configure:6520: checking for ar
configure:6536: found /usr/bin/ar
configure:6547: result: ar
configure:6584: checking for archiver @FILE support
configure:6601: gcc -c -g -O2  conftest.c >&5
configure:6601: $? = 0
configure:6604: ar cru libconftest.a @conftest.lst >&5
configure:6607: $? = 0
configure:6612: ar cru libconftest.a @conftest.lst >&5
ar: conftest.o: No such file or directory
configure:6615: $? = 1
configure:6627: result: @
configure:6685: checking for strip
configure:6701: found /usr/bin/strip
configure:6712: result: strip
configure:6784: checking for ranlib
configure:6811: result: ranlib
configure:6913: checking command to parse /usr/bin/nm -B output from gcc object
configure:7033: gcc -c -g -O2  conftest.c >&5
configure:7036: $? = 0
configure:7040: /usr/bin/nm -B conftest.o \| sed -n -e 's/^.*[ ]\([ABCDGIRSTW][ABCDGIRSTW]*\)[ ][ ]*\([_A-Za-z][_A-Za-z0-9]*\)$/\1 \2 \2/p' | sed '/ __gnu_lto/d' \> conftest.nm
configure:7043: $? = 0
configure:7109: gcc -o conftest -g -O2   conftest.c conftstm.o >&5
configure:7112: $? = 0
configure:7150: result: ok
configure:7187: checking for sysroot
configure:7217: result: no
configure:7294: gcc -c -g -O2  conftest.c >&5
configure:7297: $? = 0
configure:7473: checking for mt
configure:7503: result: no
configure:7523: checking if : is a manifest tool
configure:7529: : '-?'
configure:7537: result: no
configure:8175: checking for ANSI C header files
configure:8195: gcc -c -g -O2  conftest.c >&5
configure:8195: $? = 0
configure:8268: gcc -o conftest -g -O2   conftest.c  >&5
configure:8268: $? = 0
configure:8268: ./conftest
configure:8268: $? = 0
configure:8279: result: yes
configure:8292: checking for sys/types.h
configure:8292: gcc -c -g -O2  conftest.c >&5
configure:8292: $? = 0
configure:8292: result: yes
configure:8292: checking for sys/stat.h
configure:8292: gcc -c -g -O2  conftest.c >&5
configure:8292: $? = 0
configure:8292: result: yes
configure:8292: checking for stdlib.h
configure:8292: gcc -c -g -O2  conftest.c >&5
configure:8292: $? = 0
configure:8292: result: yes
configure:8292: checking for string.h
configure:8292: gcc -c -g -O2  conftest.c >&5
configure:8292: $? = 0
configure:8292: result: yes
configure:8292: checking for memory.h
configure:8292: gcc -c -g -O2  conftest.c >&5
configure:8292: $? = 0
configure:8292: result: yes
configure:8292: checking for strings.h
configure:8292: gcc -c -g -O2  conftest.c >&5
configure:8292: $? = 0
configure:8292: result: yes
configure:8292: checking for inttypes.h
configure:8292: gcc -c -g -O2  conftest.c >&5
configure:8292: $? = 0
configure:8292: result: yes
configure:8292: checking for stdint.h
configure:8292: gcc -c -g -O2  conftest.c >&5
configure:8292: $? = 0
configure:8292: result: yes
configure:8292: checking for unistd.h
configure:8292: gcc -c -g -O2  conftest.c >&5
configure:8292: $? = 0
configure:8292: result: yes
configure:8306: checking for dlfcn.h
configure:8306: gcc -c -g -O2  conftest.c >&5
configure:8306: $? = 0
configure:8306: result: yes
configure:8512: checking for objdir
configure:8527: result: .libs
configure:8794: checking if gcc supports -fno-rtti -fno-exceptions
configure:8812: gcc -c -g -O2  -fno-rtti -fno-exceptions conftest.c >&5
cc1: warning: command line option "-fno-rtti" is valid for C++/ObjC++ but not for C
configure:8816: $? = 0
configure:8829: result: no
configure:9156: checking for gcc option to produce PIC
configure:9163: result: -fPIC -DPIC
configure:9171: checking if gcc PIC flag -fPIC -DPIC works
configure:9189: gcc -c -g -O2  -fPIC -DPIC -DPIC conftest.c >&5
configure:9193: $? = 0
configure:9206: result: yes
configure:9235: checking if gcc static flag -static works
configure:9263: result: no
configure:9278: checking if gcc supports -c -o file.o
configure:9299: gcc -c -g -O2  -o out/conftest2.o conftest.c >&5
configure:9303: $? = 0
configure:9325: result: yes
configure:9333: checking if gcc supports -c -o file.o
configure:9380: result: yes
configure:9413: checking whether the gcc linker (/usr/bin/ld -m elf_x86_64) supports shared libraries
configure:10566: result: yes
configure:10603: checking whether -lc should be explicitly linked in
configure:10611: gcc -c -g -O2  conftest.c >&5
configure:10614: $? = 0
configure:10629: gcc -shared  -fPIC -DPIC conftest.o  -v -Wl,-soname -Wl,conftest -o conftest 2\>\&1 \| /bin/grep  -lc  \>/dev/null 2\>\&1
configure:10632: $? = 0
configure:10646: result: no
configure:10806: checking dynamic linker characteristics
configure:11317: gcc -o conftest -g -O2   -Wl,-rpath -Wl,/foo conftest.c  >&5
configure:11317: $? = 0
configure:11539: result: GNU/Linux ld.so
configure:11646: checking how to hardcode library paths into programs
configure:11671: result: immediate
configure:12211: checking whether stripping libraries is possible
configure:12216: result: yes
configure:12251: checking if libtool supports shared libraries
configure:12253: result: yes
configure:12256: checking whether to build shared libraries
configure:12277: result: yes
configure:12280: checking whether to build static libraries
configure:12284: result: yes
configure:12321: checking whether ln -s works
configure:12325: result: yes
configure:12357: checking for pthread_create in -lpthread
configure:12382: gcc -o conftest -g -O2   conftest.c -lpthread   >&5
configure:12382: $? = 0
configure:12391: result: yes
configure:12420: checking stdarg.h usability
configure:12420: gcc -c -g -O2  conftest.c >&5
configure:12420: $? = 0
configure:12420: result: yes
configure:12420: checking stdarg.h presence
configure:12420: gcc -E  conftest.c
configure:12420: $? = 0
configure:12420: result: yes
configure:12420: checking for stdarg.h
configure:12420: result: yes
configure:12434: checking execinfo.h usability
configure:12434: gcc -c -g -O2  conftest.c >&5
configure:12434: $? = 0
configure:12434: result: yes
configure:12434: checking execinfo.h presence
configure:12434: gcc -E  conftest.c
configure:12434: $? = 0
configure:12434: result: yes
configure:12434: checking for execinfo.h
configure:12434: result: yes
configure:12446: checking for backtrace
configure:12446: gcc -o conftest -g -O2   conftest.c -lpthread  >&5
configure:12446: $? = 0
configure:12446: result: yes
configure:12460: checking for strerror_r
configure:12460: gcc -o conftest -g -O2   conftest.c -lpthread  >&5
configure:12460: $? = 0
configure:12460: result: yes
configure:12460: checking for strtok_r
configure:12460: gcc -o conftest -g -O2   conftest.c -lpthread  >&5
configure:12460: $? = 0
configure:12460: result: yes
configure:12473: checking for vsnprintf
configure:12473: gcc -o conftest -g -O2   conftest.c -lpthread  >&5
conftest.c:52: warning: conflicting types for built-in function 'vsnprintf'
configure:12473: $? = 0
configure:12473: result: yes
configure:12484: checking for long double
configure:12484: gcc -c -g -O2  conftest.c >&5
configure:12484: $? = 0
configure:12484: gcc -c -g -O2  conftest.c >&5
conftest.c: In function 'main':
conftest.c:66: error: expected expression before ')' token
configure:12484: $? = 1
configure: failed program was:
| /* confdefs.h */
| #define PACKAGE_NAME "ast"
| #define PACKAGE_TARNAME "ast"
| #define PACKAGE_VERSION "8.6.2"
| #define PACKAGE_STRING "ast 8.6.2"
| #define PACKAGE_BUGREPORT "starlink@jiscmail.ac.uk"
| #define PACKAGE_URL ""
| #define PACKAGE "ast"
| #define VERSION "8.6.2"
| #define STDC_HEADERS 1
| #define HAVE_SYS_TYPES_H 1
| #define HAVE_SYS_STAT_H 1
| #define HAVE_STDLIB_H 1
| #define HAVE_STRING_H 1
| #define HAVE_MEMORY_H 1
| #define HAVE_STRINGS_H 1
| #define HAVE_INTTYPES_H 1
| #define HAVE_STDINT_H 1
| #define HAVE_UNISTD_H 1
| #define HAVE_DLFCN_H 1
| #define LT_OBJDIR ".libs/"
| #define HAVE_LIBPTHREAD 1
| #define HAVE_STDARG_H 1
| #define HAVE_EXECINFO_H 1
| #define HAVE_BACKTRACE 1
| #define HAVE_STRERROR_R 1
| #define HAVE_STRTOK_R 1
| #define HAVE_VSNPRINTF 1
| /* end confdefs.h.  */
| #include <stdio.h>
| #ifdef HAVE_SYS_TYPES_H
| # include <sys/types.h>
| #endif
| #ifdef HAVE_SYS_STAT_H
| # include <sys/stat.h>
| #endif
| #ifdef STDC_HEADERS
| # include <stdlib.h>
| # include <stddef.h>
| #else
| # ifdef HAVE_STDLIB_H
| #  include <stdlib.h>
| # endif
| #endif
| #ifdef HAVE_STRING_H
| # if !defined STDC_HEADERS && defined HAVE_MEMORY_H
| #  include <memory.h>
| # endif
| # include <string.h>
| #endif
| #ifdef HAVE_STRINGS_H
| # include <strings.h>
| #endif
| #ifdef HAVE_INTTYPES_H
| # include <inttypes.h>
| #endif
| #ifdef HAVE_STDINT_H
| # include <stdint.h>
| #endif
| #ifdef HAVE_UNISTD_H
| # include <unistd.h>
| #endif
| int
| main ()
| {
| if (sizeof ((long double)))
| 	    return 0;
|   ;
|   return 0;
| }
configure:12484: result: yes
configure:12496: checking for int64_t
configure:12496: gcc -c -g -O2  conftest.c >&5
configure:12496: $? = 0
configure:12496: gcc -c -g -O2  conftest.c >&5
conftest.c: In function 'main':
conftest.c:67: error: expected expression before ')' token
configure:12496: $? = 1
configure: failed program was:
| /* confdefs.h */
| #define PACKAGE_NAME "ast"
| #define PACKAGE_TARNAME "ast"
| #define PACKAGE_VERSION "8.6.2"
| #define PACKAGE_STRING "ast 8.6.2"
| #define PACKAGE_BUGREPORT "starlink@jiscmail.ac.uk"
| #define PACKAGE_URL ""
| #define PACKAGE "ast"
| #define VERSION "8.6.2"
| #define STDC_HEADERS 1
| #define HAVE_SYS_TYPES_H 1
| #define HAVE_SYS_STAT_H 1
| #define HAVE_STDLIB_H 1
| #define HAVE_STRING_H 1
| #define HAVE_MEMORY_H 1
| #define HAVE_STRINGS_H 1
| #define HAVE_INTTYPES_H 1
| #define HAVE_STDINT_H 1
| #define HAVE_UNISTD_H 1
| #define HAVE_DLFCN_H 1
| #define LT_OBJDIR ".libs/"
| #define HAVE_LIBPTHREAD 1
| #define HAVE_STDARG_H 1
| #define HAVE_EXECINFO_H 1
| #define HAVE_BACKTRACE 1
| #define HAVE_STRERROR_R 1
| #define HAVE_STRTOK_R 1
| #define HAVE_VSNPRINTF 1
| #define HAVE_LONG_DOUBLE 1
| /* end confdefs.h.  */
| #include <stdio.h>
| #ifdef HAVE_SYS_TYPES_H
| # include <sys/types.h>
| #endif
| #ifdef HAVE_SYS_STAT_H
| # include <sys/stat.h>
| #endif
| #ifdef STDC_HEADERS
| # include <stdlib.h>
| # include <stddef.h>
| #else
| # ifdef HAVE_STDLIB_H
| #  include <stdlib.h>
| # endif
| #endif
| #ifdef HAVE_STRING_H
| # if !defined STDC_HEADERS && defined HAVE_MEMORY_H
| #  include <memory.h>
| # endif
| # include <string.h>
| #endif
| #ifdef HAVE_STRINGS_H
| # include <strings.h>
| #endif
| #ifdef HAVE_INTTYPES_H
| # include <inttypes.h>
| #endif
| #ifdef HAVE_STDINT_H
| # include <stdint.h>
| #endif
| #ifdef HAVE_UNISTD_H
| # include <unistd.h>
| #endif
| int
| main ()
| {
| if (sizeof ((int64_t)))
| 	    return 0;
|   ;
|   return 0;
| }
configure:12496: result: yes
configure:12505: checking for uint64_t
configure:12505: gcc -c -g -O2  conftest.c >&5
configure:12505: $? = 0
configure:12505: gcc -c -g -O2  conftest.c >&5
conftest.c: In function 'main':
conftest.c:68: error: expected expression before ')' token
configure:12505: $? = 1
configure: failed program was:
| /* confdefs.h */
| #define PACKAGE_NAME "ast"
| #define PACKAGE_TARNAME "ast"
| #define PACKAGE_VERSION "8.6.2"
| #define PACKAGE_STRING "ast 8.6.2"
| #define PACKAGE_BUGREPORT "starlink@jiscmail.ac.uk"
| #define PACKAGE_URL ""
| #define PACKAGE "ast"
| #define VERSION "8.6.2"
| #define STDC_HEADERS 1
| #define HAVE_SYS_TYPES_H 1
| #define HAVE_SYS_STAT_H 1
| #define HAVE_STDLIB_H 1
| #define HAVE_STRING_H 1
| #define HAVE_MEMORY_H 1
| #define HAVE_STRINGS_H 1
| #define HAVE_INTTYPES_H 1
| #define HAVE_STDINT_H 1
| #define HAVE_UNISTD_H 1
| #define HAVE_DLFCN_H 1
| #define LT_OBJDIR ".libs/"
| #define HAVE_LIBPTHREAD 1
| #define HAVE_STDARG_H 1
| #define HAVE_EXECINFO_H 1
| #define HAVE_BACKTRACE 1
| #define HAVE_STRERROR_R 1
| #define HAVE_STRTOK_R 1
| #define HAVE_VSNPRINTF 1
| #define HAVE_LONG_DOUBLE 1
| #define HAVE_INT64_T 1
| /* end confdefs.h.  */
| #include <stdio.h>
| #ifdef HAVE_SYS_TYPES_H
| # include <sys/types.h>
| #endif
| #ifdef HAVE_SYS_STAT_H
| # include <sys/stat.h>
| #endif
| #ifdef STDC_HEADERS
| # include <stdlib.h>
| # include <stddef.h>
| #else
| # ifdef HAVE_STDLIB_H
| #  include <stdlib.h>
| # endif
| #endif
| #ifdef HAVE_STRING_H
| # if !defined STDC_HEADERS && defined HAVE_MEMORY_H
| #  include <memory.h>
| # endif
| # include <string.h>
| #endif
| #ifdef HAVE_STRINGS_H
| # include <strings.h>
| #endif
| #ifdef HAVE_INTTYPES_H
| # include <inttypes.h>
| #endif
| #ifdef HAVE_STDINT_H
| # include <stdint.h>
| #endif
| #ifdef HAVE_UNISTD_H
| # include <unistd.h>
| #endif
| int
| main ()
| {
| if (sizeof ((uint64_t)))
| 	    return 0;
|   ;
|   return 0;
| }
configure:12505: result: yes
configure:12521: checking size of long
configure:12526: gcc -o conftest -g -O2   conftest.c -lpthread  >&5
configure:12526: $? = 0
configure:12526: ./conftest
configure:12526: $? = 0
configure:12540: result: 8
configure:12554: checking size of long long
configure:12559: gcc -o conftest -g -O2   conftest.c -lpthread  >&5
configure:12559: $? = 0
configure:12559: ./conftest
configure:12559: $? = 0
configure:12573: result: 8
configure:12594: checking whether C compiler defines __func__
configure:12607: gcc -c -g -O2  conftest.c >&5
configure:12607: $? = 0
configure:12608: result: yes
configure:12729: checking for gfortran
configure:12745: found /usr/bin/gfortran
configure:12756: result: gfortran
configure:12782: checking for Fortran compiler version
configure:12791: gfortran --version >&5
GNU Fortran (GCC) 4.4.7 20120313 (Red Hat 4.4.7-18)
Copyright (C) 2010 Free Software Foundation, Inc.

GNU Fortran comes with NO WARRANTY, to the extent permitted by law.
You may redistribute copies of GNU Fortran
under the terms of the GNU General Public License.
For more information about these matters, see the file named COPYING

configure:12802: $? = 0
configure:12791: gfortran -v >&5
Using built-in specs.
Target: x86_64-redhat-linux
Configured with: ../configure --prefix=/usr --mandir=/usr/share/man --infodir=/usr/share/info --with-bugurl=http://bugzilla.redhat.com/bugzilla --enable-bootstrap --enable-shared --enable-threads=posix --enable-checking=release --with-system-zlib --enable-__cxa_atexit --disable-libunwind-exceptions --enable-gnu-unique-object --enable-languages=c,c++,objc,obj-c++,java,fortran,ada --enable-java-awt=gtk --disable-dssi --with-java-home=/usr/lib/jvm/java-1.5.0-gcj-1.5.0.0/jre --enable-libgcj-multifile --enable-java-maintainer-mode --with-ecj-jar=/usr/share/java/eclipse-ecj.jar --disable-libjava-multilib --with-ppl --with-cloog --with-tune=generic --with-arch_32=i686 --build=x86_64-redhat-linux
Thread model: posix
gcc version 4.4.7 20120313 (Red Hat 4.4.7-18) (GCC) 
configure:12802: $? = 0
configure:12791: gfortran -V >&5
gfortran: '-V' option must have argument
configure:12802: $? = 1
configure:12791: gfortran -qversion >&5
gfortran: unrecognized option '-qversion'
gfortran: no input files
configure:12802: $? = 1
configure:12811: checking whether we are using the GNU Fortran compiler
configure:12824: gfortran -c   conftest.F >&5
configure:12824: $? = 0
configure:12833: result: yes
configure:12839: checking whether gfortran accepts -g
configure:12850: gfortran -c -g  conftest.f >&5
configure:12850: $? = 0
configure:12858: result: yes
configure:13007: checking if libtool supports shared libraries
configure:13009: result: yes
configure:13012: checking whether to build shared libraries
configure:13032: result: yes
configure:13035: checking whether to build static libraries
configure:13039: result: yes
configure:13073: gfortran -c -g -O2  conftest.f >&5
configure:13076: $? = 0
configure:13523: checking for gfortran option to produce PIC
configure:13530: result: -fPIC
configure:13538: checking if gfortran PIC flag -fPIC works
configure:13556: gfortran -c -g -O2 -fPIC  conftest.f >&5
configure:13560: $? = 0
configure:13573: result: yes
configure:13596: checking if gfortran static flag -static works
configure:13624: result: no
configure:13636: checking if gfortran supports -c -o file.o
configure:13657: gfortran -c -g -O2 -o out/conftest2.o  conftest.f >&5
configure:13661: $? = 0
configure:13683: result: yes
configure:13688: checking if gfortran supports -c -o file.o
configure:13735: result: yes
configure:13765: checking whether the gfortran linker (/usr/bin/ld -m elf_x86_64) supports shared libraries
configure:14868: result: yes
configure:15009: checking dynamic linker characteristics
configure:15670: result: GNU/Linux ld.so
configure:15723: checking how to hardcode library paths into programs
configure:15748: result: immediate
configure:15785: checking how to get verbose linking output from gfortran
configure:15795: gfortran -c -g -O2  conftest.f >&5
configure:15795: $? = 0
configure:15813: gfortran -o conftest -g -O2 -v conftest.f -lpthread
Using built-in specs.
Target: x86_64-redhat-linux
Thread model: posix
gcc version 4.4.7 20120313 (Red Hat 4.4.7-18) (GCC) 
 /usr/libexec/gcc/x86_64-redhat-linux/4.4.7/f951 conftest.f -ffixed-form -quiet -dumpbase conftest.f -mtune=generic -auxbase conftest -g -O2 -version -fintrinsic-modules-path /usr/lib/gcc/x86_64-redhat-linux/4.4.7/finclude -o /tmp/cc9xtqnt.s
GNU Fortran (GCC) version 4.4.7 20120313 (Red Hat 4.4.7-18) (x86_64-redhat-linux)
	compiled by GNU C version 4.4.7 20120313 (Red Hat 4.4.7-18), GMP version 4.3.1, MPFR version 2.4.1.
GGC heuristics: --param ggc-min-expand=88 --param ggc-min-heapsize=109215
 as -V -Qy -o /tmp/ccrXlg2j.o /tmp/cc9xtqnt.s
GNU assembler version 2.20.51.0.2 (x86_64-redhat-linux) using BFD version version 2.20.51.0.2-5.47.el6_9.1 20100205
 /usr/libexec/gcc/x86_64-redhat-linux/4.4.7/collect2 --eh-frame-hdr --build-id -m elf_x86_64 --hash-style=gnu -dynamic-linker /lib64/ld-linux-x86-64.so.2 -o conftest /usr/lib/gcc/x86_64-redhat-linux/4.4.7/../../../../lib64/crt1.o /usr/lib/gcc/x86_64-redhat-linux/4.4.7/../../../../lib64/crti.o /usr/lib/gcc/x86_64-redhat-linux/4.4.7/crtbegin.o -L/usr/lib/gcc/x86_64-redhat-linux/4.4.7 -L/usr/lib/gcc/x86_64-redhat-linux/4.4.7 -L/usr/lib/gcc/x86_64-redhat-linux/4.4.7/../../../../lib64 -L/lib/../lib64 -L/usr/lib/../lib64 -L/usr/lib/gcc/x86_64-redhat-linux/4.4.7/../../.. /tmp/ccrXlg2j.o -lpthread -lgfortranbegin -lgfortran -lm -lgcc_s -lgcc -lc -lgcc_s -lgcc /usr/lib/gcc/x86_64-redhat-linux/4.4.7/crtend.o /usr/lib/gcc/x86_64-redhat-linux/4.4.7/../../../../lib64/crtn.o
configure:15896: result: -v
configure:15898: checking for Fortran libraries of gfortran
configure:15921: gfortran -o conftest -g -O2 -v conftest.f -lpthread
Using built-in specs.
Target: x86_64-redhat-linux
Thread model: posix
gcc version 4.4.7 20120313 (Red Hat 4.4.7-18) (GCC) 
 /usr/libexec/gcc/x86_64-redhat-linux/4.4.7/f951 conftest.f -ffixed-form -quiet -dumpbase conftest.f -mtune=generic -auxbase conftest -g -O2 -version -fintrinsic-modules-path /usr/lib/gcc/x86_64-redhat-linux/4.4.7/finclude -o /tmp/ccNor9cw.s
GNU Fortran (GCC) version 4.4.7 20120313 (Red Hat 4.4.7-18) (x86_64-redhat-linux)
	compiled by GNU C version 4.4.7 20120313 (Red Hat 4.4.7-18), GMP version 4.3.1, MPFR version 2.4.1.
GGC heuristics: --param ggc-min-expand=88 --param ggc-min-heapsize=109215
 as -V -Qy -o /tmp/ccJt8wZm.o /tmp/ccNor9cw.s
GNU assembler version 2.20.51.0.2 (x86_64-redhat-linux) using BFD version version 2.20.51.0.2-5.47.el6_9.1 20100205
 /usr/libexec/gcc/x86_64-redhat-linux/4.4.7/collect2 --eh-frame-hdr --build-id -m elf_x86_64 --hash-style=gnu -dynamic-linker /lib64/ld-linux-x86-64.so.2 -o conftest /usr/lib/gcc/x86_64-redhat-linux/4.4.7/../../../../lib64/crt1.o /usr/lib/gcc/x86_64-redhat-linux/4.4.7/../../../../lib64/crti.o /usr/lib/gcc/x86_64-redhat-linux/4.4.7/crtbegin.o -L/usr/lib/gcc/x86_64-redhat-linux/4.4.7 -L/usr/lib/gcc/x86_64-redhat-linux/4.4.7 -L/usr/lib/gcc/x86_64-redhat-linux/4.4.7/../../../../lib64 -L/lib/../lib64 -L/usr/lib/../lib64 -L/usr/lib/gcc/x86_64-redhat-linux/4.4.7/../../.. /tmp/ccJt8wZm.o -lpthread -lgfortranbegin -lgfortran -lm -lgcc_s -lgcc -lc -lgcc_s -lgcc /usr/lib/gcc/x86_64-redhat-linux/4.4.7/crtend.o /usr/lib/gcc/x86_64-redhat-linux/4.4.7/../../../../lib64/crtn.o
configure:16117: result:  -L/usr/lib/gcc/x86_64-redhat-linux/4.4.7 -L/usr/lib/gcc/x86_64-redhat-linux/4.4.7/../../../../lib64 -L/lib/../lib64 -L/usr/lib/../lib64 -L/usr/lib/gcc/x86_64-redhat-linux/4.4.7/../../.. -lpthread -lgfortranbegin -lgfortran -lm
configure:16136: checking for perl
configure:16155: found /usr/local/bin/perl
configure:16168: result: /usr/local/bin/perl
configure:16180: checking for isnan
configure:16180: gcc -o conftest -g -O2   conftest.c -lpthread  >&5
conftest.c:59: warning: conflicting types for built-in function 'isnan'
configure:16180: $? = 0
configure:16180: result: yes
configure:16189: checking whether isnan is declared
configure:16189: gcc -c -g -O2  conftest.c >&5
configure:16189: $? = 0
configure:16189: result: yes
configure:16204: checking for isfinite
configure:16204: gcc -o conftest -g -O2   conftest.c -lpthread  >&5
/tmp/ccYRu27z.o: In function `main':
/home/fitz/dlapps/ast-8.6.2/conftest.c:72: undefined reference to `isfinite'
collect2: ld returned 1 exit status
configure:16204: $? = 1
configure: failed program was:
| /* confdefs.h */
| #define PACKAGE_NAME "ast"
| #define PACKAGE_TARNAME "ast"
| #define PACKAGE_VERSION "8.6.2"
| #define PACKAGE_STRING "ast 8.6.2"
| #define PACKAGE_BUGREPORT "starlink@jiscmail.ac.uk"
| #define PACKAGE_URL ""
| #define PACKAGE "ast"
| #define VERSION "8.6.2"
| #define STDC_HEADERS 1
| #define HAVE_SYS_TYPES_H 1
| #define HAVE_SYS_STAT_H 1
| #define HAVE_STDLIB_H 1
| #define HAVE_STRING_H 1
| #define HAVE_MEMORY_H 1
| #define HAVE_STRINGS_H 1
| #define HAVE_INTTYPES_H 1
| #define HAVE_STDINT_H 1
| #define HAVE_UNISTD_H 1
| #define HAVE_DLFCN_H 1
| #define LT_OBJDIR ".libs/"
| #define HAVE_LIBPTHREAD 1
| #define HAVE_STDARG_H 1
| #define HAVE_EXECINFO_H 1
| #define HAVE_BACKTRACE 1
| #define HAVE_STRERROR_R 1
| #define HAVE_STRTOK_R 1
| #define HAVE_VSNPRINTF 1
| #define HAVE_LONG_DOUBLE 1
| #define HAVE_INT64_T 1
| #define HAVE_UINT64_T 1
| #define SIZEOF_LONG 8
| #define SIZEOF_LONG_LONG 8
| #define FUNCTION_NAME __func__
| #define HAVE_ISNAN 1
| #define HAVE_DECL_ISNAN 1
| /* end confdefs.h.  */
| /* Define isfinite to an innocuous variant, in case <limits.h> declares isfinite.
|    For example, HP-UX 11i <limits.h> declares gettimeofday.  */
| #define isfinite innocuous_isfinite
| 
| /* System header to define __stub macros and hopefully few prototypes,
|     which can conflict with char isfinite (); below.
|     Prefer <limits.h> to <assert.h> if __STDC__ is defined, since
|     <limits.h> exists even on freestanding compilers.  */
| 
| #ifdef __STDC__
| # include <limits.h>
| #else
| # include <assert.h>
| #endif
| 
| #undef isfinite
| 
| /* Override any GCC internal prototype to avoid an error.
|    Use char because int might match the return type of a GCC
|    builtin and then its argument prototype would still apply.  */
| #ifdef __cplusplus
| extern "C"
| #endif
| char isfinite ();
| /* The GNU C library defines this for functions which it implements
|     to always fail with ENOSYS.  Some functions are actually named
|     something starting with __ and the normal name is an alias.  */
| #if defined __stub_isfinite || defined __stub___isfinite
| choke me
| #endif
| 
| int
| main ()
| {
| return isfinite ();
|   ;
|   return 0;
| }
configure:16204: result: no
configure:16213: checking whether isfinite is declared
configure:16213: gcc -c -g -O2  conftest.c >&5
configure:16213: $? = 0
configure:16213: result: yes
configure:16238: checking if gfortran is in strict f2c compatible mode
configure:16310: result: no
configure:16327: checking size of void*
configure:16332: gcc -o conftest -g -O2   conftest.c -lpthread  >&5
configure:16332: $? = 0
configure:16332: ./conftest
configure:16332: $? = 0
configure:16346: result: 8
configure:16355: checking whether gfortran has the %LOC extension
configure:16374: gfortran -c -g -O2  conftest.f >&5
conftest.f:5.14:

      ADDR = %LOC( I )                                                  
              1
Error: Invalid character in name at (1)
configure:16374: $? = 1
configure: failed program was:
|       program main
| 
|       INTEGER I, ADDR
|       I = 1
|       ADDR = %LOC( I )
| 
|       end
configure:16387: result: no
configure:16394: checking type used for Fortran string lengths
configure:16480: result: int
configure:16522: in post-distribution state
configure:16550: checking for messgen
configure:16582: result: messgen
configure:16597: checking whether the sscanf function is ANSI-compatible
configure:16636: gcc -o conftest -g -O2   conftest.c -lpthread  >&5
configure:16636: $? = 0
configure:16636: ./conftest
configure:16636: $? = 1
configure: program exited with status 1
configure: failed program was:
| /* confdefs.h */
| #define PACKAGE_NAME "ast"
| #define PACKAGE_TARNAME "ast"
| #define PACKAGE_VERSION "8.6.2"
| #define PACKAGE_STRING "ast 8.6.2"
| #define PACKAGE_BUGREPORT "starlink@jiscmail.ac.uk"
| #define PACKAGE_URL ""
| #define PACKAGE "ast"
| #define VERSION "8.6.2"
| #define STDC_HEADERS 1
| #define HAVE_SYS_TYPES_H 1
| #define HAVE_SYS_STAT_H 1
| #define HAVE_STDLIB_H 1
| #define HAVE_STRING_H 1
| #define HAVE_MEMORY_H 1
| #define HAVE_STRINGS_H 1
| #define HAVE_INTTYPES_H 1
| #define HAVE_STDINT_H 1
| #define HAVE_UNISTD_H 1
| #define HAVE_DLFCN_H 1
| #define LT_OBJDIR ".libs/"
| #define HAVE_LIBPTHREAD 1
| #define HAVE_STDARG_H 1
| #define HAVE_EXECINFO_H 1
| #define HAVE_BACKTRACE 1
| #define HAVE_STRERROR_R 1
| #define HAVE_STRTOK_R 1
| #define HAVE_VSNPRINTF 1
| #define HAVE_LONG_DOUBLE 1
| #define HAVE_INT64_T 1
| #define HAVE_UINT64_T 1
| #define SIZEOF_LONG 8
| #define SIZEOF_LONG_LONG 8
| #define FUNCTION_NAME __func__
| #define HAVE_ISNAN 1
| #define HAVE_DECL_ISNAN 1
| #define HAVE_DECL_ISFINITE 1
| #define SIZEOF_VOIDP 8
| #define TRAIL_TYPE int
| /* end confdefs.h.  */
| 
| 
| #include <stdio.h>
| #include <stdlib.h>
| 
| int main() {
|   char foo[] = " name 1111.1 ";
|   char mingw[] = "system= FK4_NO_E";
| 
|   char bar[8];
|   float ff;
|   int system;
|   int nc;
|   int r;
| 
|   nc = 0;
|   r = sscanf(foo, " %s %f %n", bar, &ff, &nc);
| 
|   if ( nc == 13 ) {
|      nc = 0;
|      r = sscanf( mingw, "system= %n%*s %n", &system, &nc );
|      if ( nc != 0 ) nc = 13;
|   }
|   exit( ( nc != 13 ) ? 0 : 1 );
| }
| 
| 
configure:16644: result: yes
configure:16720: checking for star2html
configure:16752: result: star2html
configure:16766: checking for prolat
configure:16798: result: prolat
configure:16978: checking that generated files are newer than configure
configure:16984: result: done
configure:17023: creating ./config.status

## ---------------------- ##
## Running config.status. ##
## ---------------------- ##

This file was extended by ast config.status 8.6.2, which was
generated by Starlink Autoconf 2.69.  Invocation command line was

  CONFIG_FILES    = 
  CONFIG_HEADERS  = 
  CONFIG_LINKS    = 
  CONFIG_COMMANDS = 
  $ ./config.status 

on tucana2.tuc.noao.edu

config.status:1212: creating Makefile
config.status:1212: creating component.xml
config.status:1212: creating ast_link
config.status:1212: creating ast_link_adam
config.status:1212: creating object.h
config.status:1212: creating f77.h
config.status:1212: creating ast_cpp
config.status:1212: creating config.h
config.status:1393: config.h is unchanged
config.status:1441: executing depfiles commands
config.status:1441: executing libtool commands

## ---------------- ##
## Cache variables. ##
## ---------------- ##

ac_cv_build=x86_64-pc-linux-gnu
ac_cv_c_compiler_gnu=yes
ac_cv_env_CC_set=set
ac_cv_env_CC_value=gcc
ac_cv_env_CFLAGS_set=
ac_cv_env_CFLAGS_value=
ac_cv_env_CPPFLAGS_set=
ac_cv_env_CPPFLAGS_value=
ac_cv_env_CPP_set=
ac_cv_env_CPP_value=
ac_cv_env_FCFLAGS_set=
ac_cv_env_FCFLAGS_value=
ac_cv_env_FC_set=
ac_cv_env_FC_value=
ac_cv_env_LDFLAGS_set=
ac_cv_env_LDFLAGS_value=
ac_cv_env_LIBS_set=
ac_cv_env_LIBS_value=
ac_cv_env_MESSGEN_set=
ac_cv_env_MESSGEN_value=
ac_cv_env_PROLAT_set=
ac_cv_env_PROLAT_value=
ac_cv_env_STAR2HTML_set=
ac_cv_env_STAR2HTML_value=
ac_cv_env_STARLINK_set=
ac_cv_env_STARLINK_value=
ac_cv_env_build_alias_set=
ac_cv_env_build_alias_value=
ac_cv_env_host_alias_set=
ac_cv_env_host_alias_value=
ac_cv_env_target_alias_set=
ac_cv_env_target_alias_value=
ac_cv_fc_compiler_gnu=yes
ac_cv_fc_have_percentloc=no
ac_cv_fc_libs=' -L/usr/lib/gcc/x86_64-redhat-linux/4.4.7 -L/usr/lib/gcc/x86_64-redhat-linux/4.4.7/../../../../lib64 -L/lib/../lib64 -L/usr/lib/../lib64 -L/usr/lib/gcc/x86_64-redhat-linux/4.4.7/../../.. -lpthread -lgfortranbegin -lgfortran -lm'
ac_cv_func_backtrace=yes
ac_cv_func_isfinite=no
ac_cv_func_isnan=yes
ac_cv_func_strerror_r=yes
ac_cv_func_strtok_r=yes
ac_cv_func_vsnprintf=yes
ac_cv_have_decl_isfinite=yes
ac_cv_have_decl_isnan=yes
ac_cv_header_dlfcn_h=yes
ac_cv_header_execinfo_h=yes
ac_cv_header_inttypes_h=yes
ac_cv_header_memory_h=yes
ac_cv_header_stdarg_h=yes
ac_cv_header_stdc=yes
ac_cv_header_stdint_h=yes
ac_cv_header_stdlib_h=yes
ac_cv_header_string_h=yes
ac_cv_header_strings_h=yes
ac_cv_header_sys_stat_h=yes
ac_cv_header_sys_types_h=yes
ac_cv_header_unistd_h=yes
ac_cv_host=x86_64-pc-linux-gnu
ac_cv_lib_pthread_pthread_create=yes
ac_cv_objext=o
ac_cv_path_EGREP='/bin/grep -E'
ac_cv_path_FGREP='/bin/grep -F'
ac_cv_path_GIT=/usr/bin/git
ac_cv_path_GREP=/bin/grep
ac_cv_path_MESSGEN=messgen
ac_cv_path_PAX=/usr/bin/pax
ac_cv_path_PERL=/usr/local/bin/perl
ac_cv_path_PROLAT=prolat
ac_cv_path_SED=/bin/sed
ac_cv_path_STAR2HTML=star2html
ac_cv_path_TAR=/bin/tar
ac_cv_path_install='/usr/bin/install -c'
ac_cv_path_mkdir=/bin/mkdir
ac_cv_prog_AWK=gawk
ac_cv_prog_CPP='gcc -E'
ac_cv_prog_ac_ct_AR=ar
ac_cv_prog_ac_ct_CC=gcc
ac_cv_prog_ac_ct_FC=gfortran
ac_cv_prog_ac_ct_OBJDUMP=objdump
ac_cv_prog_ac_ct_RANLIB=ranlib
ac_cv_prog_ac_ct_STRIP=strip
ac_cv_prog_cc_c89=
ac_cv_prog_cc_g=yes
ac_cv_prog_fc_g=yes
ac_cv_prog_fc_v=-v
ac_cv_prog_make_make_set=yes
ac_cv_sizeof_long=8
ac_cv_sizeof_long_long=8
ac_cv_sizeof_voidp=8
ac_cv_type_int64_t=yes
ac_cv_type_long_double=yes
ac_cv_type_uint64_t=yes
am_cv_CC_dependencies_compiler_type=gcc3
am_cv_make_support_nested_variables=yes
am_cv_prog_cc_c_o=yes
lt_cv_ar_at_file=@
lt_cv_archive_cmds_need_lc=no
lt_cv_deplibs_check_method=pass_all
lt_cv_file_magic_cmd='$MAGIC_CMD'
lt_cv_file_magic_test_file=
lt_cv_ld_reload_flag=-r
lt_cv_nm_interface='BSD nm'
lt_cv_objdir=.libs
lt_cv_path_LD=/usr/bin/ld
lt_cv_path_NM='/usr/bin/nm -B'
lt_cv_path_mainfest_tool=no
lt_cv_prog_compiler_c_o=yes
lt_cv_prog_compiler_c_o_FC=yes
lt_cv_prog_compiler_pic='-fPIC -DPIC'
lt_cv_prog_compiler_pic_FC=-fPIC
lt_cv_prog_compiler_pic_works=yes
lt_cv_prog_compiler_pic_works_FC=yes
lt_cv_prog_compiler_rtti_exceptions=no
lt_cv_prog_compiler_static_works=no
lt_cv_prog_compiler_static_works_FC=no
lt_cv_prog_gnu_ld=yes
lt_cv_sharedlib_from_linklib_cmd='printf %s\n'
lt_cv_shlibpath_overrides_runpath=no
lt_cv_sys_global_symbol_pipe='sed -n -e '\''s/^.*[	 ]\([ABCDGIRSTW][ABCDGIRSTW]*\)[	 ][	 ]*\([_A-Za-z][_A-Za-z0-9]*\)$/\1 \2 \2/p'\'' | sed '\''/ __gnu_lto/d'\'''
lt_cv_sys_global_symbol_to_c_name_address='sed -n -e '\''s/^: \([^ ]*\)[ ]*$/  {\"\1\", (void *) 0},/p'\'' -e '\''s/^[ABCDGIRSTW]* \([^ ]*\) \([^ ]*\)$/  {"\2", (void *) \&\2},/p'\'''
lt_cv_sys_global_symbol_to_c_name_address_lib_prefix='sed -n -e '\''s/^: \([^ ]*\)[ ]*$/  {\"\1\", (void *) 0},/p'\'' -e '\''s/^[ABCDGIRSTW]* \([^ ]*\) \(lib[^ ]*\)$/  {"\2", (void *) \&\2},/p'\'' -e '\''s/^[ABCDGIRSTW]* \([^ ]*\) \([^ ]*\)$/  {"lib\2", (void *) \&\2},/p'\'''
lt_cv_sys_global_symbol_to_cdecl='sed -n -e '\''s/^T .* \(.*\)$/extern int \1();/p'\'' -e '\''s/^[ABCDGIRSTW]* .* \(.*\)$/extern char \1;/p'\'''
lt_cv_sys_max_cmd_len=1966080
lt_cv_to_host_file_cmd=func_convert_file_noop
lt_cv_to_tool_file_cmd=func_convert_file_noop
star_cv_cnf_f2c_compatible=no
star_cv_cnf_trail_type=int

## ----------------- ##
## Output variables. ##
## ----------------- ##

ACLOCAL='${SHELL} /home/fitz/dlapps/ast-8.6.2/build-aux/missing aclocal-1.15'
AMDEPBACKSLASH='\'
AMDEP_FALSE='#'
AMDEP_TRUE=''
AMTAR='$${TAR-tar}'
AM_BACKSLASH='\'
AM_DEFAULT_V='$(AM_DEFAULT_VERBOSITY)'
AM_DEFAULT_VERBOSITY='1'
AM_V='$(V)'
AR='ar'
AUTOCONF='${SHELL} /home/fitz/dlapps/ast-8.6.2/build-aux/missing autoconf'
AUTOHEADER='${SHELL} /home/fitz/dlapps/ast-8.6.2/build-aux/missing autoheader'
AUTOMAKE='${SHELL} /home/fitz/dlapps/ast-8.6.2/build-aux/missing automake-1.15'
AWK='gawk'
CC='gcc'
CCDEPMODE='depmode=gcc3'
CFLAGS='-g -O2'
CPP='gcc -E'
CPPFLAGS=''
CYGPATH_W='echo'
DEFS='-DHAVE_CONFIG_H'
DEPDIR='.deps'
DLLTOOL='false'
DSYMUTIL=''
DUMPBIN=''
ECHO_C=''
ECHO_N='-n'
ECHO_T=''
EGREP='/bin/grep -E'
EXEEXT=''
EXTERNAL_PAL='0'
EXTERNAL_PAL_FALSE=''
EXTERNAL_PAL_TRUE='#'
FC='gfortran'
FCFLAGS='-g -O2'
FCLIBS=' -L/usr/lib/gcc/x86_64-redhat-linux/4.4.7 -L/usr/lib/gcc/x86_64-redhat-linux/4.4.7/../../../../lib64 -L/lib/../lib64 -L/usr/lib/../lib64 -L/usr/lib/gcc/x86_64-redhat-linux/4.4.7/../../.. -lpthread -lgfortranbegin -lgfortran -lm'
FGREP='/bin/grep -F'
FORTRAN='1'
GIT='/usr/bin/git'
GREP='/bin/grep'
INSTALL_DATA='${INSTALL} -m 644'
INSTALL_PROGRAM='${INSTALL}'
INSTALL_SCRIPT='${INSTALL}'
INSTALL_STRIP_PROGRAM='$(install_sh) -c -s'
LATEX2DVI='$$LATEX "\\batchmode\\input $$1" && $$LATEX "\\batchmode\\input $$1"'
LD='/usr/bin/ld -m elf_x86_64'
LDFLAGS=''
LIBOBJS=''
LIBPAL=''
LIBS='-lpthread '
LIBTOOL='$(SHELL) $(top_builddir)/libtool'
LIPO=''
LN_S='ln -s'
LTLIBOBJS=''
MAKEINFO='${SHELL} /home/fitz/dlapps/ast-8.6.2/build-aux/missing makeinfo'
MANIFEST_TOOL=':'
MESSGEN='messgen'
MKDIR_P='/bin/mkdir -p'
NM='/usr/bin/nm -B'
NMEDIT=''
NOFORTRAN_FALSE=''
NOFORTRAN_TRUE='#'
NOPIC_FALSE=''
NOPIC_TRUE='#'
NOTHREADS_FALSE=''
NOTHREADS_TRUE='#'
OBJDUMP='objdump'
OBJEXT='o'
OTOOL64=''
OTOOL=''
PACKAGE='ast'
PACKAGE_BUGREPORT='starlink@jiscmail.ac.uk'
PACKAGE_NAME='ast'
PACKAGE_STRING='ast 8.6.2'
PACKAGE_TARNAME='ast'
PACKAGE_URL=''
PACKAGE_VERSION='8.6.2'
PACKAGE_VERSION_INTEGER='8006002'
PACKAGE_VERSION_MAJOR='8'
PACKAGE_VERSION_MINOR='6'
PACKAGE_VERSION_RELEASE='2'
PATH_SEPARATOR=':'
PAX='/usr/bin/pax'
PERL='/usr/local/bin/perl'
PREDIST='#'
PROLAT='prolat'
RANLIB='ranlib'
REAL_FUNCTION_TYPE='float'
SED='/bin/sed'
SET_MAKE=''
SHELL='/bin/sh'
STAR2HTML='star2html'
STARLINK='/stardev/git/starlink/star'
STAR_CPPFLAGS='-I/stardev/git/starlink/star/include'
STAR_DEPENDENCIES_ATTRIBUTES=''
STAR_DEPENDENCIES_CHILDREN='<sourceset>sst</sourceset><sourceset>htx</sourceset><sourceset>messgen</sourceset>'
STAR_DOCUMENTATION=' sun210 sun211'
STAR_FCFLAGS='-I/stardev/git/starlink/star/include'
STAR_FFLAGS='-I/stardev/git/starlink/star/include'
STAR_LATEX_DOCUMENTATION='sun210.pdf sun210.tex sun211.pdf sun211.tex sun210.htx_tar sun211.htx_tar'
STAR_LDFLAGS='-L/stardev/git/starlink/star/lib'
STAR_MANIFEST_DIR='$(prefix)/manifests'
STAR_SOURCE_ROOT_DIR=''
STRIP='strip'
TAR='/bin/tar'
THREADS='1'
TRAIL_TYPE='int'
VERSION='8.6.2'
ac_ct_AR='ar'
ac_ct_CC='gcc'
ac_ct_DUMPBIN=''
ac_ct_FC='gfortran'
am__EXEEXT_FALSE=''
am__EXEEXT_TRUE='#'
am__fastdepCC_FALSE='#'
am__fastdepCC_TRUE=''
am__include='include'
am__isrc=''
am__leading_dot='.'
am__nodep='_no'
am__quote=''
am__tar='$${TAR-tar} chof - "$$tardir"'
am__untar='$${TAR-tar} xf -'
bindir='${exec_prefix}/bin'
build='x86_64-pc-linux-gnu'
build_alias=''
build_cpu='x86_64'
build_os='linux-gnu'
build_vendor='pc'
datadir='${datarootdir}'
datarootdir='${prefix}/share'
docdir='${datarootdir}/doc/${PACKAGE_TARNAME}'
dvidir='${docdir}'
exec_prefix='${prefix}'
host='x86_64-pc-linux-gnu'
host_alias=''
host_cpu='x86_64'
host_os='linux-gnu'
host_vendor='pc'
htmldir='${docdir}'
includedir='${prefix}/include'
infodir='${datarootdir}/info'
install_sh='${SHELL} /home/fitz/dlapps/ast-8.6.2/build-aux/install-sh'
libdir='${exec_prefix}/lib'
libexecdir='${exec_prefix}/libexec'
localedir='${datarootdir}/locale'
localstatedir='${prefix}/var'
mandir='${datarootdir}/man'
mkdir_p='$(MKDIR_P)'
oldincludedir='/usr/include'
pdfdir='${docdir}'
prefix='/usr/local'
program_transform_name='s,x,x,'
psdir='${docdir}'
sbindir='${exec_prefix}/sbin'
sharedstatedir='${prefix}/com'
stardocsdir='${prefix}/docs'
staretcdir='${prefix}/etc'
starexamplesdir='${prefix}/examples'
starfacsdir='${prefix}/help'
starhelpdir='${prefix}/help'
starnewsdir='${prefix}/news'
sysconfdir='${prefix}/etc'
target_alias=''

## ----------- ##
## confdefs.h. ##
## ----------- ##

/* confdefs.h */
#define PACKAGE_NAME "ast"
#define PACKAGE_TARNAME "ast"
#define PACKAGE_VERSION "8.6.2"
#define PACKAGE_STRING "ast 8.6.2"
#define PACKAGE_BUGREPORT "starlink@jiscmail.ac.uk"
#define PACKAGE_URL ""
#define PACKAGE "ast"
#define VERSION "8.6.2"
#define STDC_HEADERS 1
#define HAVE_SYS_TYPES_H 1
#define HAVE_SYS_STAT_H 1
#define HAVE_STDLIB_H 1
#define HAVE_STRING_H 1
#define HAVE_MEMORY_H 1
#define HAVE_STRINGS_H 1
#define HAVE_INTTYPES_H 1
#define HAVE_STDINT_H 1
#define HAVE_UNISTD_H 1
#define HAVE_DLFCN_H 1
#define LT_OBJDIR ".libs/"
#define HAVE_LIBPTHREAD 1
#define HAVE_STDARG_H 1
#define HAVE_EXECINFO_H 1
#define HAVE_BACKTRACE 1
#define HAVE_STRERROR_R 1
#define HAVE_STRTOK_R 1
#define HAVE_VSNPRINTF 1
#define HAVE_LONG_DOUBLE 1
#define HAVE_INT64_T 1
#define HAVE_UINT64_T 1
#define SIZEOF_LONG 8
#define SIZEOF_LONG_LONG 8
#define FUNCTION_NAME __func__
#define HAVE_ISNAN 1
#define HAVE_DECL_ISNAN 1
#define HAVE_DECL_ISFINITE 1
#define SIZEOF_VOIDP 8
#define TRAIL_TYPE int

configure: exit 0
